0 info it worked if it ends with ok
1 verbose cli [ 'C:\\Program Files\\nodejs\\node.exe',
1 verbose cli   'C:\\Program Files\\nodejs\\node_modules\\npm\\bin\\npm-cli.js',
1 verbose cli   'install',
1 verbose cli   'mongo@3.2.11' ]
2 info using npm@3.10.9
3 info using node@v7.1.0
4 silly loadCurrentTree Starting
5 silly install loadCurrentTree
6 silly install readLocalPackageData
7 silly fetchPackageMetaData mongo@3.2.11
8 silly fetchNamedPackageData mongo
9 silly mapToRegistry name mongo
10 silly mapToRegistry using default registry
11 silly mapToRegistry registry https://registry.npmjs.org/
12 silly mapToRegistry data Result {
12 silly mapToRegistry   raw: 'mongo',
12 silly mapToRegistry   scope: null,
12 silly mapToRegistry   escapedName: 'mongo',
12 silly mapToRegistry   name: 'mongo',
12 silly mapToRegistry   rawSpec: '',
12 silly mapToRegistry   spec: 'latest',
12 silly mapToRegistry   type: 'tag' }
13 silly mapToRegistry uri https://registry.npmjs.org/mongo
14 verbose request uri https://registry.npmjs.org/mongo
15 verbose request no auth needed
16 info attempt registry request try #1 at 4:56:43 PM
17 verbose request id 4fb79425a74917e3
18 http request GET https://registry.npmjs.org/mongo
19 http 200 https://registry.npmjs.org/mongo
20 verbose headers { server: 'nginx/1.10.1',
20 verbose headers   'content-type': 'application/json',
20 verbose headers   'last-modified': 'Sun, 12 Mar 2017 10:26:44 GMT',
20 verbose headers   etag: 'W/"58c52264-4e9"',
20 verbose headers   'content-encoding': 'gzip',
20 verbose headers   'cache-control': 'max-age=300',
20 verbose headers   'content-length': '592',
20 verbose headers   'accept-ranges': 'bytes',
20 verbose headers   date: 'Mon, 24 Apr 2017 13:56:44 GMT',
20 verbose headers   via: '1.1 varnish',
20 verbose headers   age: '115',
20 verbose headers   connection: 'keep-alive',
20 verbose headers   'x-served-by': 'cache-hhn1531-HHN',
20 verbose headers   'x-cache': 'HIT',
20 verbose headers   'x-cache-hits': '1',
20 verbose headers   'x-timer': 'S1493042205.585630,VS0,VE0',
20 verbose headers   vary: 'Accept-Encoding' }
21 silly get cb [ 200,
21 silly get   { server: 'nginx/1.10.1',
21 silly get     'content-type': 'application/json',
21 silly get     'last-modified': 'Sun, 12 Mar 2017 10:26:44 GMT',
21 silly get     etag: 'W/"58c52264-4e9"',
21 silly get     'content-encoding': 'gzip',
21 silly get     'cache-control': 'max-age=300',
21 silly get     'content-length': '592',
21 silly get     'accept-ranges': 'bytes',
21 silly get     date: 'Mon, 24 Apr 2017 13:56:44 GMT',
21 silly get     via: '1.1 varnish',
21 silly get     age: '115',
21 silly get     connection: 'keep-alive',
21 silly get     'x-served-by': 'cache-hhn1531-HHN',
21 silly get     'x-cache': 'HIT',
21 silly get     'x-cache-hits': '1',
21 silly get     'x-timer': 'S1493042205.585630,VS0,VE0',
21 silly get     vary: 'Accept-Encoding' } ]
22 verbose get saving mongo to C:\Users\H55\AppData\Roaming\npm-cache\registry.npmjs.org\mongo\.cache.json
23 verbose correctMkdir C:\Users\H55\AppData\Roaming\npm-cache correctMkdir not in flight; initializing
24 silly fetchPackageMetaData Error: No compatible version found: mongo@3.2.11
24 silly fetchPackageMetaData Valid install targets:
24 silly fetchPackageMetaData 0.1.0
24 silly fetchPackageMetaData
24 silly fetchPackageMetaData     at pickVersionFromRegistryDocument (C:\Program Files\nodejs\node_modules\npm\lib\fetch-package-metadata.js:178:16)
24 silly fetchPackageMetaData     at C:\Program Files\nodejs\node_modules\npm\node_modules\iferr\index.js:13:50
24 silly fetchPackageMetaData     at C:\Program Files\nodejs\node_modules\npm\lib\utils\pulse-till-done.js:20:8
24 silly fetchPackageMetaData     at saved (C:\Program Files\nodejs\node_modules\npm\lib\cache\caching-client.js:174:7)
24 silly fetchPackageMetaData     at C:\Program Files\nodejs\node_modules\npm\node_modules\graceful-fs\polyfills.js:241:18
24 silly fetchPackageMetaData     at FSReqWrap.oncomplete (fs.js:111:15)
24 silly fetchPackageMetaData  error for mongo@3.2.11 { Error: No compatible version found: mongo@3.2.11
24 silly fetchPackageMetaData Valid install targets:
24 silly fetchPackageMetaData 0.1.0
24 silly fetchPackageMetaData
24 silly fetchPackageMetaData     at pickVersionFromRegistryDocument (C:\Program Files\nodejs\node_modules\npm\lib\fetch-package-metadata.js:178:16)
24 silly fetchPackageMetaData     at C:\Program Files\nodejs\node_modules\npm\node_modules\iferr\index.js:13:50
24 silly fetchPackageMetaData     at C:\Program Files\nodejs\node_modules\npm\lib\utils\pulse-till-done.js:20:8
24 silly fetchPackageMetaData     at saved (C:\Program Files\nodejs\node_modules\npm\lib\cache\caching-client.js:174:7)
24 silly fetchPackageMetaData     at C:\Program Files\nodejs\node_modules\npm\node_modules\graceful-fs\polyfills.js:241:18
24 silly fetchPackageMetaData     at FSReqWrap.oncomplete (fs.js:111:15) code: 'ETARGET' }
25 silly rollbackFailedOptional Starting
26 silly rollbackFailedOptional Finishing
27 silly runTopLevelLifecycles Finishing
28 silly install printInstalled
29 verbose stack Error: No compatible version found: mongo@3.2.11
29 verbose stack Valid install targets:
29 verbose stack 0.1.0
29 verbose stack
29 verbose stack     at pickVersionFromRegistryDocument (C:\Program Files\nodejs\node_modules\npm\lib\fetch-package-metadata.js:178:16)
29 verbose stack     at C:\Program Files\nodejs\node_modules\npm\node_modules\iferr\index.js:13:50
29 verbose stack     at C:\Program Files\nodejs\node_modules\npm\lib\utils\pulse-till-done.js:20:8
29 verbose stack     at saved (C:\Program Files\nodejs\node_modules\npm\lib\cache\caching-client.js:174:7)
29 verbose stack     at C:\Program Files\nodejs\node_modules\npm\node_modules\graceful-fs\polyfills.js:241:18
29 verbose stack     at FSReqWrap.oncomplete (fs.js:111:15)
30 verbose cwd C:\Users\H55\Desktop\YelpSolo\projectX\YelpProject
31 error Windows_NT 6.1.7601
32 error argv "C:\\Program Files\\nodejs\\node.exe" "C:\\Program Files\\nodejs\\node_modules\\npm\\bin\\npm-cli.js" "install" "mongo@3.2.11"
33 error node v7.1.0
34 error npm  v3.10.9
35 error code ETARGET
36 error notarget No compatible version found: mongo@3.2.11
36 error notarget Valid install targets:
36 error notarget 0.1.0
37 error notarget This is most likely not a problem with npm itself.
37 error notarget In most cases you or one of your dependencies are requesting
37 error notarget a package version that doesn't exist.
38 verbose exit [ 1, true ]
